            --------------------------------------------------------
                             AMBER SQM VERSION 14
 
                                     By
              Ross C. Walker, Michael F. Crowley, Scott Brozell,
                         Tim Giese, Andreas W. Goetz,
                        Tai-Sung Lee and David A. Case
 
            --------------------------------------------------------
 

--------------------------------------------------------------------------------
  QM CALCULATION INFO
--------------------------------------------------------------------------------

| QMMM: Citation for AMBER QMMM Run:
| QMMM: R.C. Walker, M.F. Crowley and D.A. Case, J. COMP. CHEM. 29:1019, 2008

QMMM: SINGLET STATE CALCULATION
QMMM: RHF CALCULATION, NO. OF DOUBLY OCCUPIED LEVELS = 87

| QMMM: *** Selected Hamiltonian *** 
| QMMM: AM1         

| QMMM: *** Parameter sets in use ***
| QMMM: P : M.J.S.DEWAR et al. THEOCHEM, 187,1, (1989)
| QMMM: O : M.J.S.DEWAR et al. JACS, 107, 3902, (1985)
| QMMM: N : M.J.S.DEWAR et al. JACS, 107, 3902, (1985)
| QMMM: C : M.J.S.DEWAR et al. JACS, 107, 3902, (1985)
| QMMM: H : M.J.S.DEWAR et al. JACS, 107, 3902, (1985)
QMMM: MOLECULAR MECHANICS CORRECTION APPLIED TO PEPTIDE LINKAGES
QMMM:     0 PEPTIDE LINKAGES HAVE BEEN FOUND:

| QMMM: *** SCF convergence criteria ***
| QMMM: Energy change                :  0.1D-06 kcal/mol
| QMMM: Error matrix |FP-PF|         :  0.1D+00 au
| QMMM: Density matrix change        :  0.1D-06
| QMMM: Maximum number of SCF cycles :     1000

| QMMM: *** Diagonalization Routine Information ***
| QMMM: Pseudo diagonalizations are allowed.
| QMMM: Auto diagonalization routine selection is in use.
| QMMM:
| QMMM: Timing diagonalization routines:
| QMMM:                              norbs =      140
| QMMM:    diag iterations used for timing =       10
| QMMM:
| QMMM:              Internal diag routine = 0.046851 seconds
| QMMM:                 Dspev diag routine = 0.049078 seconds
| QMMM:                Dspevd diag routine = 0.036365 seconds
| QMMM:                Dspevx diag routine = 0.144106 seconds
| QMMM:                 Dsyev diag routine = 0.051052 seconds
| QMMM:                Dsyevd diag routine = 0.041062 seconds
| QMMM:                Dsyevr diag routine = 0.041695 seconds
| QMMM:
| QMMM:                Pseudo diag routine = 0.016995 seconds
| QMMM:
| QMMM: Using dspevd routine (diag_routine=3).

  QMMM: QM Region Cartesian Coordinates (*=link atom) 
  QMMM: QM_NO.   MM_NO.  ATOM         X         Y         Z
  QMMM:     1        1      P        2.4260   -1.6860   -1.6030
  QMMM:     2        2      P        3.9690    0.2040    0.0450
  QMMM:     3        3      P        2.2750    1.3030    2.1960
  QMMM:     4        4      O       -1.0180   -1.3780    0.9930
  QMMM:     5        5      O       -4.3650   -2.3640    0.1310
  QMMM:     6        6      O       -2.5760   -3.9670    1.4010
  QMMM:     7        7      O        1.3210   -1.9590   -0.4540
  QMMM:     8        8      O        3.7220   -1.1490   -0.8010
  QMMM:     9        9      O        2.8770   -3.1620   -2.0870
  QMMM:    10       10      O        1.9720   -0.7820   -2.7120
  QMMM:    11       11      O        2.7560    0.2050    1.1120
  QMMM:    12       12      O        3.5650    1.3830   -0.9850
  QMMM:    13       13      O        5.3340    0.3380    0.6520
  QMMM:    14       14      O        1.7780    2.5340    1.2740
  QMMM:    15       15      O        0.8980    0.6860    2.7750
  QMMM:    16       16      O        3.3050    1.6550    3.2280
  QMMM:    17       17      N       -2.6390    0.2830    0.4990
  QMMM:    18       18      N       -3.6010    2.2920    0.3620
  QMMM:    19       19      N       -0.7070    0.6510   -0.9280
  QMMM:    20       20      N       -0.6820    2.9220   -1.8200
  QMMM:    21       21      N       -2.3840    4.5240   -1.3050
  QMMM:    22       22      C       -2.9900   -2.1240   -0.0860
  QMMM:    23       23      C       -2.1230   -3.3340    0.2050
  QMMM:    24       24      C       -2.4290   -1.1070    0.8970
  QMMM:    25       25      C       -0.7600   -2.7010    0.4690
  QMMM:    26       26      C        0.0840   -2.5630   -0.7910
  QMMM:    27       27      C       -1.8410    1.0320   -0.3210
  QMMM:    28       28      C       -3.6830    1.0850    0.8820
  QMMM:    29       29      C       -2.4540    2.2730   -0.3920
  QMMM:    30       30      C       -1.8320    3.2380   -1.1770
  QMMM:    31       31      C       -0.1980    1.6670   -1.6580
  QMMM:    32       32      H       -2.8500   -1.7970   -1.1230
  QMMM:    33       33      H       -2.1210   -4.0830   -0.5920
  QMMM:    34       34      H       -2.8610   -1.2130    1.9000
  QMMM:    35       35      H       -0.1970   -3.2400    1.2390
  QMMM:    36       36      H       -0.4110   -1.9410   -1.5420
  QMMM:    37       37      H        0.2770   -3.5480   -1.2270
  QMMM:    38       38      H       -4.4940   -2.5760    1.0710
  QMMM:    39       39      H       -3.4310   -4.3850    1.2010
  QMMM:    40       40      H       -4.4690    0.7350    1.5370
  QMMM:    41       41      H        0.7260    1.4580   -2.1840
  QMMM:    42       42      H       -3.2420    4.7620   -0.8260
  QMMM:    43       43      H       -1.9130    5.2080   -1.8820
  QMMM:    44       44      H        2.3130   -3.6440   -2.7290
  QMMM:    45       45      H        4.2020    1.6400   -1.6860
  QMMM:    46       46      H        1.5150    3.3750    1.7050
  QMMM:    47       47      H        0.4460    1.1450    3.5150

--------------------------------------------------------------------------------
  RESULTS
--------------------------------------------------------------------------------

      iter         sqm energy              rms gradient
      ----    -------------------    -----------------------
xmin    10     -755.0981 kcal/mol        2.8627 kcal/(mol*A)
xmin    20     -760.0594 kcal/mol        3.2539 kcal/(mol*A)
xmin    30     -764.3166 kcal/mol        2.8194 kcal/(mol*A)
xmin    40     -767.5620 kcal/mol        0.9398 kcal/(mol*A)
xmin    50     -768.8291 kcal/mol        1.6410 kcal/(mol*A)
xmin    60     -770.1577 kcal/mol        0.5969 kcal/(mol*A)
xmin    70     -771.0305 kcal/mol        1.2546 kcal/(mol*A)
xmin    80     -771.3481 kcal/mol        0.5564 kcal/(mol*A)
xmin    90     -771.4938 kcal/mol        0.2463 kcal/(mol*A)
xmin   100     -771.5911 kcal/mol        0.4090 kcal/(mol*A)
xmin   110     -771.6794 kcal/mol        0.1762 kcal/(mol*A)
xmin   120     -771.7428 kcal/mol        0.4437 kcal/(mol*A)
xmin   130     -771.7817 kcal/mol        0.1880 kcal/(mol*A)
xmin   140     -771.8268 kcal/mol        0.2407 kcal/(mol*A)
xmin   150     -771.8779 kcal/mol        0.2582 kcal/(mol*A)
xmin   160     -771.9136 kcal/mol        0.1559 kcal/(mol*A)
xmin   170     -771.9570 kcal/mol        0.1654 kcal/(mol*A)
xmin   180     -771.9814 kcal/mol        0.2300 kcal/(mol*A)
  ... geometry converged !
 
 Final MO eigenvalues (eV):
 -42.4456  -41.4021  -39.4867  -38.9473  -38.2811  -38.1617  -37.8462  -37.7431
 -37.6261  -37.1493  -37.0533  -36.7258  -36.3497  -35.0556  -34.9111  -34.7906
 -34.1926  -32.5040  -32.2668  -30.2240  -29.4372  -26.9004  -24.6480  -24.4159
 -23.6802  -23.4436  -23.0598  -22.0782  -21.8845  -20.8264  -20.1473  -20.0402
 -19.8172  -19.7535  -19.6071  -19.2161  -19.1445  -18.6654  -18.0113  -17.4435
 -17.4031  -17.0854  -17.0052  -16.8620  -16.7863  -16.6183  -16.4067  -16.1440
 -15.9979  -15.8244  -15.6605  -15.6240  -15.4227  -15.3009  -15.2204  -14.9893
 -14.8394  -14.7129  -14.5559  -14.3630  -14.3220  -14.1882  -14.1658  -14.0195
 -13.9979  -13.9496  -13.7845  -13.7081  -13.5657  -12.9377  -12.9006  -12.8282
 -12.7027  -12.4300  -12.2396  -12.1747  -12.1241  -12.0007  -11.9302  -11.8951
 -11.8674  -11.6857  -11.4945  -10.8792  -10.3361  -10.0023   -8.7884   -0.1641
  -0.1302    0.3111    0.8321    0.8690    1.3369    1.7136    1.9725    2.1934
   2.2335    2.3368    2.4460    2.6197    2.8258    2.8492    2.8951    2.9165
   3.0650    3.2136    3.2451    3.3294    3.3671    3.4705    3.4784    3.5709
   3.6553    3.7431    3.7889    3.7912    4.0040    4.0225    4.3565    4.3858
   4.7072    4.9154    5.0742    5.2003    5.2116    5.2618    5.4424    5.4558
   5.5666    5.6967    5.9769    6.1215    6.2848    6.3274    6.3452    6.4464
   7.0413    7.2434    7.2598    7.5248

 Heat of formation   =       -771.99338114 kcal/mol  (      -33.47614506 eV)

 Total SCF energy    =    -163658.80248060 kcal/mol  (    -7096.77821780 eV)
 Electronic energy   =   -1276718.31037527 kcal/mol  (   -55362.66035190 eV)
 Core-core repulsion =    1113059.50789467 kcal/mol  (    48265.88213411 eV)
 
    Atomic Charges for Step       1 :
  Atom    Element       Mulliken Charge
     1      P                  2.794
     2      P                  2.939
     3      P                  2.789
     4      O                 -0.266
     5      O                 -0.311
     6      O                 -0.321
     7      O                 -0.738
     8      O                 -1.272
     9      O                 -0.829
    10      O                 -1.113
    11      O                 -1.282
    12      O                 -0.837
    13      O                 -1.129
    14      O                 -0.835
    15      O                 -0.808
    16      O                 -1.090
    17      N                 -0.209
    18      N                 -0.107
    19      N                 -0.245
    20      N                 -0.267
    21      N                 -0.355
    22      C                 -0.034
    23      C                 -0.026
    24      C                  0.150
    25      C                  0.030
    26      C                 -0.004
    27      C                  0.090
    28      C                 -0.046
    29      C                 -0.253
    30      C                  0.242
    31      C                  0.041
    32      H                  0.155
    33      H                  0.110
    34      H                  0.127
    35      H                  0.144
    36      H                  0.120
    37      H                  0.096
    38      H                  0.218
    39      H                  0.222
    40      H                  0.203
    41      H                  0.231
    42      H                  0.246
    43      H                  0.239
    44      H                  0.290
    45      H                  0.292
    46      H                  0.290
    47      H                  0.319
 Total Mulliken Charge =       0.000
 
                  X        Y        Z     TOTAL  
  QM DIPOLE    -4.562   -0.802   -2.682    5.352
 
 Final Structure

  QMMM: QM Region Cartesian Coordinates (*=link atom) 
  QMMM: QM_NO.   MM_NO.  ATOM         X         Y         Z
  QMMM:     1        1      P        2.1659   -1.1342   -1.4863
  QMMM:     2        2      P        4.2893    0.3407    0.4003
  QMMM:     3        3      P        2.2873    0.4996    2.9046
  QMMM:     4        4      O       -1.0968   -1.1290    1.0934
  QMMM:     5        5      O       -4.2408   -2.4423    1.3192
  QMMM:     6        6      O       -2.4214   -4.1912    0.8682
  QMMM:     7        7      O        1.2064   -1.5465   -0.2765
  QMMM:     8        8      O        3.2831   -0.3736   -0.6335
  QMMM:     9        9      O        2.8465   -2.5232   -1.8421
  QMMM:    10       10      O        1.6632   -0.4721   -2.6702
  QMMM:    11       11      O        3.3368    0.4030    1.6706
  QMMM:    12       12      O        4.3117    1.8475   -0.0861
  QMMM:    13       13      O        5.6057   -0.2353    0.4906
  QMMM:    14       14      O        1.2619    1.5582    2.3173
  QMMM:    15       15      O        1.4971   -0.8464    2.7196
  QMMM:    16       16      O        2.8682    0.8822    4.1693
  QMMM:    17       17      N       -2.6755    0.4986    0.3893
  QMMM:    18       18      N       -3.3359    2.7069    0.2023
  QMMM:    19       19      N       -1.2609    0.3882   -1.6936
  QMMM:    20       20      N       -1.2163    2.5134   -2.9262
  QMMM:    21       21      N       -2.4895    4.4113   -2.2244
  QMMM:    22       22      C       -3.2744   -1.9556    0.4192
  QMMM:    23       23      C       -2.2105   -3.0247    0.0934
  QMMM:    24       24      C       -2.4850   -0.7633    1.0503
  QMMM:    25       25      C       -0.8631   -2.4245    0.5296
  QMMM:    26       26      C        0.1003   -2.3414   -0.6511
  QMMM:    27       27      C       -2.0828    0.9877   -0.7877
  QMMM:    28       28      C       -3.3937    1.5973    0.9448
  QMMM:    29       29      C       -2.5237    2.3748   -0.8943
  QMMM:    30       30      C       -2.0659    3.1227   -2.0295
  QMMM:    31       31      C       -0.8775    1.2194   -2.6963
  QMMM:    32       32      H       -3.8562   -1.6536   -0.4927
  QMMM:    33       33      H       -2.2199   -3.2790   -0.9997
  QMMM:    34       34      H       -2.7980   -0.6261    2.1319
  QMMM:    35       35      H       -0.3936   -3.0249    1.3613
  QMMM:    36       36      H       -0.3830   -1.8877   -1.5581
  QMMM:    37       37      H        0.4815   -3.3734   -0.8893
  QMMM:    38       38      H       -3.7764   -2.8195    2.0818
  QMMM:    39       39      H       -3.2685   -4.5647    0.5876
  QMMM:    40       40      H       -3.9465    1.4898    1.8857
  QMMM:    41       41      H       -0.1526    0.7746   -3.4230
  QMMM:    42       42      H       -3.0120    4.8519   -1.5089
  QMMM:    43       43      H       -2.1122    4.9565   -2.9593
  QMMM:    44       44      H        3.2860   -2.6099   -2.6835
  QMMM:    45       45      H        5.1472    2.2118   -0.3685
  QMMM:    46       46      H        1.3195    2.4654    2.6019
  QMMM:    47       47      H        0.9649   -0.9647    1.9263

           --------- Calculation Completed ----------

