            --------------------------------------------------------
                             AMBER SQM VERSION 14
 
                                     By
              Ross C. Walker, Michael F. Crowley, Scott Brozell,
                         Tim Giese, Andreas W. Goetz,
                        Tai-Sung Lee and David A. Case
 
            --------------------------------------------------------
 

--------------------------------------------------------------------------------
  QM CALCULATION INFO
--------------------------------------------------------------------------------

| QMMM: Citation for AMBER QMMM Run:
| QMMM: R.C. Walker, M.F. Crowley and D.A. Case, J. COMP. CHEM. 29:1019, 2008

QMMM: SINGLET STATE CALCULATION
QMMM: RHF CALCULATION, NO. OF DOUBLY OCCUPIED LEVELS = 13

| QMMM: *** Selected Hamiltonian *** 
| QMMM: AM1         

| QMMM: *** Parameter sets in use ***
| QMMM: C : M.J.S.DEWAR et al. JACS, 107, 3902, (1985)
| QMMM: H : M.J.S.DEWAR et al. JACS, 107, 3902, (1985)
QMMM: MOLECULAR MECHANICS CORRECTION APPLIED TO PEPTIDE LINKAGES
QMMM:     0 PEPTIDE LINKAGES HAVE BEEN FOUND:

| QMMM: *** SCF convergence criteria ***
| QMMM: Energy change                :  0.1D-06 kcal/mol
| QMMM: Error matrix |FP-PF|         :  0.1D+00 au
| QMMM: Density matrix change        :  0.1D-06
| QMMM: Maximum number of SCF cycles :     1000

| QMMM: *** Diagonalization Routine Information ***
| QMMM: Pseudo diagonalizations are allowed.
| QMMM: Auto diagonalization routine selection is in use.
| QMMM:
| QMMM: Timing diagonalization routines:
| QMMM:                              norbs =       26
| QMMM:    diag iterations used for timing =       20
| QMMM:
| QMMM:              Internal diag routine = 0.001227 seconds
| QMMM:                 Dspev diag routine = 0.003430 seconds
| QMMM:                Dspevd diag routine = 0.002746 seconds
| QMMM:                Dspevx diag routine = 0.006506 seconds
| QMMM:                 Dsyev diag routine = 0.003522 seconds
| QMMM:                Dsyevd diag routine = 0.002851 seconds
| QMMM:                Dsyevr diag routine = 0.001895 seconds
| QMMM:
| QMMM:                Pseudo diag routine = 0.000286 seconds
| QMMM:
| QMMM: Using internal diagonalization routine (diag_routine=1).

  QMMM: QM Region Cartesian Coordinates (*=link atom) 
  QMMM: QM_NO.   MM_NO.  ATOM         X         Y         Z
  QMMM:     1        1      C       -0.5630    0.5160    0.0070
  QMMM:     2        2      C        0.5630   -0.5160    0.0070
  QMMM:     3        3      C       -1.9290   -0.1510   -0.0070
  QMMM:     4        4      C        1.9290    0.1500   -0.0070
  QMMM:     5        5      H       -0.4720    1.1670   -0.8710
  QMMM:     6        6      H       -0.4820    1.1550    0.8940
  QMMM:     7        7      H        0.4820   -1.1550    0.8940
  QMMM:     8        8      H        0.4720   -1.1670   -0.8710
  QMMM:     9        9      H       -2.0540   -0.7710   -0.9000
  QMMM:    10       10      H       -2.0650   -0.7860    0.8740
  QMMM:    11       11      H       -2.7200    0.6060   -0.0060
  QMMM:    12       12      H        2.0540    0.7710   -0.9000
  QMMM:    13       13      H        2.7200   -0.6060   -0.0060
  QMMM:    14       14      H        2.0650    0.7850    0.8740

--------------------------------------------------------------------------------
  RESULTS
--------------------------------------------------------------------------------

  ... geometry converged !
 
 Final MO eigenvalues (eV):
 -36.2649  -30.7747  -24.3601  -21.5143  -16.1761  -14.7263  -14.5759  -13.9116
 -12.7087  -12.0856  -11.9832  -11.5208  -11.1718    3.8288    3.8932    4.3051
   4.3495    4.5162    4.7600    4.8575    4.8820    5.0957    5.1365    5.1946
   5.2659    5.3517

 Heat of formation   =        -31.20298551 kcal/mol  (       -1.35306299 eV)

 Total SCF energy    =     -15008.44511772 kcal/mol  (     -650.81501746 eV)
 Electronic energy   =     -56612.91200911 kcal/mol  (    -2454.92008192 eV)
 Core-core repulsion =      41604.46689139 kcal/mol  (     1804.10506445 eV)
 
    Atomic Charges for Step       1 :
  Atom    Element       Mulliken Charge
     1      C                 -0.159
     2      C                 -0.159
     3      C                 -0.210
     4      C                 -0.210
     5      H                  0.078
     6      H                  0.078
     7      H                  0.077
     8      H                  0.078
     9      H                  0.072
    10      H                  0.072
    11      H                  0.071
    12      H                  0.072
    13      H                  0.071
    14      H                  0.072
 Total Mulliken Charge =      -0.000
 
                  X        Y        Z     TOTAL  
  QM DIPOLE     0.000   -0.000   -0.000    0.000
 
 Final Structure

  QMMM: QM Region Cartesian Coordinates (*=link atom) 
  QMMM: QM_NO.   MM_NO.  ATOM         X         Y         Z
  QMMM:     1        1      C       -0.5591    0.5107    0.0059
  QMMM:     2        2      C        0.5589   -0.5107    0.0060
  QMMM:     3        3      C       -1.9135   -0.1494   -0.0067
  QMMM:     4        4      C        1.9134    0.1490   -0.0065
  QMMM:     5        5      H       -0.4557    1.1760   -0.8919
  QMMM:     6        6      H       -0.4662    1.1647    0.9129
  QMMM:     7        7      H        0.4660   -1.1643    0.9134
  QMMM:     8        8      H        0.4556   -1.1764   -0.8914
  QMMM:     9        9      H       -2.0340   -0.7847   -0.9174
  QMMM:    10       10      H       -2.0440   -0.7991    0.8924
  QMMM:    11       11      H       -2.7213    0.6215   -0.0051
  QMMM:    12       12      H        2.0343    0.7844   -0.9170
  QMMM:    13       13      H        2.7211   -0.6222   -0.0053
  QMMM:    14       14      H        2.0446    0.7984    0.8927

           --------- Calculation Completed ----------

