            --------------------------------------------------------
                             AMBER SQM VERSION 14
 
                                     By
              Ross C. Walker, Michael F. Crowley, Scott Brozell,
                         Tim Giese, Andreas W. Goetz,
                        Tai-Sung Lee and David A. Case
 
            --------------------------------------------------------
 

--------------------------------------------------------------------------------
  QM CALCULATION INFO
--------------------------------------------------------------------------------

| QMMM: Citation for AMBER QMMM Run:
| QMMM: R.C. Walker, M.F. Crowley and D.A. Case, J. COMP. CHEM. 29:1019, 2008

QMMM: SINGLET STATE CALCULATION
QMMM: RHF CALCULATION, NO. OF DOUBLY OCCUPIED LEVELS = 60

| QMMM: *** Selected Hamiltonian *** 
| QMMM: AM1         

| QMMM: *** Parameter sets in use ***
| QMMM: P : M.J.S.DEWAR et al. THEOCHEM, 187,1, (1989)
| QMMM: O : M.J.S.DEWAR et al. JACS, 107, 3902, (1985)
| QMMM: C : M.J.S.DEWAR et al. JACS, 107, 3902, (1985)
| QMMM: H : M.J.S.DEWAR et al. JACS, 107, 3902, (1985)
QMMM: MOLECULAR MECHANICS CORRECTION APPLIED TO PEPTIDE LINKAGES
QMMM:     0 PEPTIDE LINKAGES HAVE BEEN FOUND:

| QMMM: *** SCF convergence criteria ***
| QMMM: Energy change                :  0.1D-06 kcal/mol
| QMMM: Error matrix |FP-PF|         :  0.1D+00 au
| QMMM: Density matrix change        :  0.1D-06
| QMMM: Maximum number of SCF cycles :     1000

| QMMM: *** Diagonalization Routine Information ***
| QMMM: Pseudo diagonalizations are allowed.
| QMMM: Auto diagonalization routine selection is in use.
| QMMM:
| QMMM: Timing diagonalization routines:
| QMMM:                              norbs =       94
| QMMM:    diag iterations used for timing =       15
| QMMM:
| QMMM:              Internal diag routine = 0.021576 seconds
| QMMM:                 Dspev diag routine = 0.027618 seconds
| QMMM:                Dspevd diag routine = 0.021301 seconds
| QMMM:                Dspevx diag routine = 0.082818 seconds
| QMMM:                 Dsyev diag routine = 0.028557 seconds
| QMMM:                Dsyevd diag routine = 0.024191 seconds
| QMMM:                Dsyevr diag routine = 0.024207 seconds
| QMMM:
| QMMM:                Pseudo diag routine = 0.007485 seconds
| QMMM:
| QMMM: Using dspevd routine (diag_routine=3).

  QMMM: QM Region Cartesian Coordinates (*=link atom) 
  QMMM: QM_NO.   MM_NO.  ATOM         X         Y         Z
  QMMM:     1        1      P       -4.1490    1.2230   -0.1130
  QMMM:     2        2      P        4.1580    1.3670    0.1110
  QMMM:     3        3      O        0.4150   -0.5420    0.9960
  QMMM:     4        4      O       -1.4980   -1.8290    1.4440
  QMMM:     5        5      O       -0.5650   -0.6270   -1.8610
  QMMM:     6        6      O        0.3580   -3.5480    0.0040
  QMMM:     7        7      O       -3.0450    0.0460    0.0210
  QMMM:     8        8      O        3.0340    0.3130    0.6070
  QMMM:     9        9      O       -3.3960    2.3580   -0.9850
  QMMM:    10       10      O       -4.1820    1.8580    1.3740
  QMMM:    11       11      O        3.4000    2.2280   -1.0290
  QMMM:    12       12      O        5.1740    0.4380   -0.7380
  QMMM:    13       13      O       -5.4820    0.7840   -0.6450
  QMMM:    14       14      O        4.7980    2.1720    1.2030
  QMMM:    15       15      C       -0.9070   -0.8840    0.5480
  QMMM:    16       16      C       -0.7160   -1.5680   -0.8070
  QMMM:    17       17      C        0.6060   -2.2910   -0.6210
  QMMM:    18       18      C        1.3780   -1.3890    0.3400
  QMMM:    19       19      C       -1.7600    0.3780    0.5150
  QMMM:    20       20      C        2.3810   -0.4870   -0.3640
  QMMM:    21       21      H       -1.5460   -2.2400   -1.0520
  QMMM:    22       22      H        1.1540   -2.4790   -1.5500
  QMMM:    23       23      H        1.8820   -1.9640    1.1250
  QMMM:    24       24      H       -1.2960    1.1540   -0.1030
  QMMM:    25       25      H       -1.8590    0.7790    1.5300
  QMMM:    26       26      H        1.8750    0.1740   -1.0730
  QMMM:    27       27      H        3.1200   -1.0900   -0.9000
  QMMM:    28       28      H       -1.2060   -2.7230    1.2030
  QMMM:    29       29      H       -0.4030   -1.1270   -2.6790
  QMMM:    30       30      H       -0.1600   -4.0850   -0.6190
  QMMM:    31       31      H       -3.8970    3.1550   -1.2600
  QMMM:    32       32      H       -4.8510    2.5440    1.5820
  QMMM:    33       33      H        3.8660    2.9870   -1.4390
  QMMM:    34       34      H        6.0060    0.8320   -1.0770

--------------------------------------------------------------------------------
  RESULTS
--------------------------------------------------------------------------------

      iter         sqm energy              rms gradient
      ----    -------------------    -----------------------
xmin    10     -724.2643 kcal/mol        2.5860 kcal/(mol*A)
xmin    20     -726.1757 kcal/mol        0.4999 kcal/(mol*A)
xmin    30     -726.4392 kcal/mol        0.4418 kcal/(mol*A)
xmin    40     -727.2737 kcal/mol        1.0193 kcal/(mol*A)
xmin    50     -730.3931 kcal/mol        2.0341 kcal/(mol*A)
xmin    60     -731.5174 kcal/mol        0.2710 kcal/(mol*A)
xmin    70     -731.8660 kcal/mol        0.5202 kcal/(mol*A)
xmin    80     -732.2421 kcal/mol        0.2203 kcal/(mol*A)
xmin    90     -732.4568 kcal/mol        0.3691 kcal/(mol*A)
xmin   100     -732.6646 kcal/mol        0.7356 kcal/(mol*A)
xmin   110     -732.8028 kcal/mol        0.1259 kcal/(mol*A)
xmin   120     -732.8897 kcal/mol        0.1313 kcal/(mol*A)
xmin   130     -733.0595 kcal/mol        0.1965 kcal/(mol*A)
xmin   140     -734.3122 kcal/mol        0.5648 kcal/(mol*A)
xmin   150     -734.8482 kcal/mol        0.2776 kcal/(mol*A)
xmin   160     -735.1966 kcal/mol        0.2750 kcal/(mol*A)
xmin   170     -735.4018 kcal/mol        0.8547 kcal/(mol*A)
xmin   180     -735.5578 kcal/mol        0.6733 kcal/(mol*A)
xmin   190     -735.6741 kcal/mol        0.1521 kcal/(mol*A)
xmin   200     -735.7138 kcal/mol        0.7960 kcal/(mol*A)
xmin   210     -735.7556 kcal/mol        0.0941 kcal/(mol*A)
  ... geometry converged !
 
 Final MO eigenvalues (eV):
 -42.4660  -39.7938  -39.2091  -38.7291  -38.0190  -37.7880  -37.4688  -37.4001
 -37.1929  -36.9897  -34.8867  -34.8038  -32.2026  -30.9696  -28.9542  -25.4288
 -23.2225  -22.9780  -21.9309  -21.5709  -20.1442  -19.9408  -19.7809  -19.4838
 -19.2624  -18.7624  -18.2129  -18.0356  -17.7330  -17.2294  -17.0711  -16.8548
 -16.5260  -16.4019  -16.2614  -16.0732  -15.6580  -15.1947  -14.9628  -14.9061
 -14.7846  -14.6345  -14.4365  -14.1280  -14.0822  -14.0373  -13.7008  -13.6164
 -13.4077  -13.1433  -12.7677  -12.6430  -12.3637  -12.0767  -12.0553  -11.9473
 -11.8926  -11.8352  -11.6586  -11.1449    0.4974    0.6658    1.6957    2.0956
   2.1301    2.3385    2.5614    2.6227    2.7841    2.8921    2.9885    3.2420
   3.3049    3.3429    3.4365    3.5027    3.5716    3.6707    3.7131    3.7805
   4.0234    4.0992    4.3097    4.6352    5.1723    5.3299    5.4486    5.4609
   5.4648    5.5001    5.7950    6.1881    6.7270    6.7342

 Heat of formation   =       -735.75859170 kcal/mol  (      -31.90488668 eV)

 Total SCF energy    =    -116966.68288254 kcal/mol  (    -5072.05597687 eV)
 Electronic energy   =    -698781.04991969 kcal/mol  (   -30301.42014309 eV)
 Core-core repulsion =     581814.36703716 kcal/mol  (    25229.36416622 eV)
 
    Atomic Charges for Step       1 :
  Atom    Element       Mulliken Charge
     1      P                  2.634
     2      P                  2.609
     3      O                 -0.289
     4      O                 -0.364
     5      O                 -0.324
     6      O                 -0.317
     7      O                 -0.754
     8      O                 -0.708
     9      O                 -0.823
    10      O                 -0.802
    11      O                 -0.806
    12      O                 -0.807
    13      O                 -1.057
    14      O                 -1.085
    15      C                  0.149
    16      C                 -0.031
    17      C                  0.003
    18      C                  0.026
    19      C                  0.034
    20      C                  0.010
    21      H                  0.116
    22      H                  0.119
    23      H                  0.151
    24      H                  0.123
    25      H                  0.114
    26      H                  0.108
    27      H                  0.104
    28      H                  0.241
    29      H                  0.239
    30      H                  0.217
    31      H                  0.289
    32      H                  0.305
    33      H                  0.287
    34      H                  0.286
 Total Mulliken Charge =      -0.000
 
                  X        Y        Z     TOTAL  
  QM DIPOLE     2.703   -1.006   -1.624    3.310
 
 Final Structure

  QMMM: QM Region Cartesian Coordinates (*=link atom) 
  QMMM: QM_NO.   MM_NO.  ATOM         X         Y         Z
  QMMM:     1        1      P       -4.1502    1.2364   -0.3558
  QMMM:     2        2      P        4.2956    1.1806    0.2565
  QMMM:     3        3      O        0.2484   -0.2935    0.8049
  QMMM:     4        4      O       -1.8080   -0.9256    1.3918
  QMMM:     5        5      O       -1.1472   -1.5850   -2.0200
  QMMM:     6        6      O        0.8172   -3.5067   -0.0138
  QMMM:     7        7      O       -2.9124    0.3455   -0.8713
  QMMM:     8        8      O        3.2468    0.0733    0.7103
  QMMM:     9        9      O       -3.4865    2.6813   -0.2573
  QMMM:    10       10      O       -4.2443    0.7943    1.1589
  QMMM:    11       11      O        3.3778    2.3157   -0.3800
  QMMM:    12       12      O        4.9638    0.4904   -1.0143
  QMMM:    13       13      O       -5.3394    1.2321   -1.1819
  QMMM:    14       14      O        5.2649    1.7091    1.1990
  QMMM:    15       15      C       -1.0233   -0.6277    0.2586
  QMMM:    16       16      C       -0.8626   -1.8604   -0.6678
  QMMM:    17       17      C        0.6382   -2.2279   -0.5904
  QMMM:    18       18      C        1.2712   -1.2053    0.3731
  QMMM:    19       19      C       -1.6129    0.6265   -0.4171
  QMMM:    20       20      C        2.3792   -0.4003   -0.3031
  QMMM:    21       21      H       -1.5088   -2.6990   -0.2901
  QMMM:    22       22      H        1.1009   -2.1858   -1.6137
  QMMM:    23       23      H        1.6662   -1.7040    1.3020
  QMMM:    24       24      H       -0.9722    0.8693   -1.3103
  QMMM:    25       25      H       -1.6208    1.4800    0.3122
  QMMM:    26       26      H        1.9564    0.4807   -0.8584
  QMMM:    27       27      H        2.9821   -1.0512   -0.9927
  QMMM:    28       28      H       -1.2542   -1.3925    2.0324
  QMMM:    29       29      H       -2.0719   -1.3004   -2.0704
  QMMM:    30       30      H        0.5281   -4.1526   -0.6709
  QMMM:    31       31      H       -3.9681    3.4097   -0.6418
  QMMM:    32       32      H       -3.5014    0.3443    1.5637
  QMMM:    33       33      H        3.5216    3.2056   -0.0652
  QMMM:    34       34      H        5.9129    0.5598   -1.0890

           --------- Calculation Completed ----------

