            --------------------------------------------------------
                             AMBER SQM VERSION 14
 
                                     By
              Ross C. Walker, Michael F. Crowley, Scott Brozell,
                         Tim Giese, Andreas W. Goetz,
                        Tai-Sung Lee and David A. Case
 
            --------------------------------------------------------
 

--------------------------------------------------------------------------------
  QM CALCULATION INFO
--------------------------------------------------------------------------------

| QMMM: Citation for AMBER QMMM Run:
| QMMM: R.C. Walker, M.F. Crowley and D.A. Case, J. COMP. CHEM. 29:1019, 2008

QMMM: SINGLET STATE CALCULATION
QMMM: RHF CALCULATION, NO. OF DOUBLY OCCUPIED LEVELS =  4

| QMMM: *** Selected Hamiltonian *** 
| QMMM: AM1         

| QMMM: *** Parameter sets in use ***
| QMMM: C : M.J.S.DEWAR et al. JACS, 107, 3902, (1985)
| QMMM: H : M.J.S.DEWAR et al. JACS, 107, 3902, (1985)
QMMM: MOLECULAR MECHANICS CORRECTION APPLIED TO PEPTIDE LINKAGES
QMMM:     0 PEPTIDE LINKAGES HAVE BEEN FOUND:

| QMMM: *** SCF convergence criteria ***
| QMMM: Energy change                :  0.1D-06 kcal/mol
| QMMM: Error matrix |FP-PF|         :  0.1D+00 au
| QMMM: Density matrix change        :  0.1D-06
| QMMM: Maximum number of SCF cycles :     1000

| QMMM: *** Diagonalization Routine Information ***
| QMMM: Pseudo diagonalizations are allowed.
| QMMM: Auto diagonalization routine selection is in use.
| QMMM:
| QMMM: Timing diagonalization routines:
| QMMM:                              norbs =        8
| QMMM:    diag iterations used for timing =       20
| QMMM:
| QMMM:              Internal diag routine = 0.000106 seconds
| QMMM:                 Dspev diag routine = 0.000349 seconds
| QMMM:                Dspevd diag routine = 0.000365 seconds
| QMMM:                Dspevx diag routine = 0.000495 seconds
| QMMM:                 Dsyev diag routine = 0.000337 seconds
| QMMM:                Dsyevd diag routine = 0.000337 seconds
| QMMM:                Dsyevr diag routine = 0.000238 seconds
| QMMM:
| QMMM:                Pseudo diag routine = 0.000021 seconds
| QMMM:
| QMMM: Using internal diagonalization routine (diag_routine=1).

  QMMM: QM Region Cartesian Coordinates (*=link atom) 
  QMMM: QM_NO.   MM_NO.  ATOM         X         Y         Z
  QMMM:     1        1      C        0.0000    0.0000    0.0000
  QMMM:     2        2      H        0.5540    0.8000    0.4960
  QMMM:     3        3      H        0.6830   -0.8130   -0.2540
  QMMM:     4        4      H       -0.7780   -0.3730    0.6690
  QMMM:     5        5      H       -0.4590    0.3870   -0.9120

--------------------------------------------------------------------------------
  RESULTS
--------------------------------------------------------------------------------

  ... geometry converged !
 
 Final MO eigenvalues (eV):
 -28.8838  -13.3089  -13.3085  -13.3081    4.6603    4.6606    4.6609    5.1832


 Heat of formation   =         -8.79856649 kcal/mol  (       -0.38153447 eV)

 Total SCF energy    =      -4225.48160411 kcal/mol  (     -183.23063198 eV)
 Electronic energy   =      -8844.20694389 kcal/mol  (     -383.51359195 eV)
 Core-core repulsion =       4618.72533978 kcal/mol  (      200.28295997 eV)
 
    Atomic Charges for Step       1 :
  Atom    Element       Mulliken Charge
     1      C                 -0.266
     2      H                  0.066
     3      H                  0.066
     4      H                  0.066
     5      H                  0.066
 Total Mulliken Charge =      -0.000
 
                  X        Y        Z     TOTAL  
  QM DIPOLE    -0.000   -0.000    0.000    0.000
 
 Final Structure

  QMMM: QM Region Cartesian Coordinates (*=link atom) 
  QMMM: QM_NO.   MM_NO.  ATOM         X         Y         Z
  QMMM:     1        1      C        0.0000    0.0002   -0.0002
  QMMM:     2        2      H        0.5640    0.8141    0.5049
  QMMM:     3        3      H        0.6955   -0.8277   -0.2582
  QMMM:     4        4      H       -0.7919   -0.3798    0.6811
  QMMM:     5        5      H       -0.4676    0.3942   -0.9285

           --------- Calculation Completed ----------

