-I: Adding /home/sheng/Programs/amber16/dat/leap/prep to search path.
-I: Adding /home/sheng/Programs/amber16/dat/leap/lib to search path.
-I: Adding /home/sheng/Programs/amber16/dat/leap/parm to search path.
-I: Adding /home/sheng/Programs/amber16/dat/leap/cmd to search path.
-f: Source leap.cmd.

Welcome to LEaP!
(no leaprc in search path)
Sourcing: ./leap.cmd
Could not open file leaprc.ff03.r1: not found
----- Source: /home/sheng/Programs/amber16/dat/leap/cmd/leaprc.gaff
----- Source of /home/sheng/Programs/amber16/dat/leap/cmd/leaprc.gaff done
Log file: ./leap.log
Loading parameters: /home/sheng/Programs/amber16/dat/leap/parm/gaff.dat
Reading title:
AMBER General Force Field for organic molecules (Version 1.8, Mar 2015)
Using modified Bondi radii
Loading Mol2 file: ./lig.ac.mol2
Reading MOLECULE named LIG
Loading parameters: ./lig.leap.frcmod
Reading force field modification type file (frcmod)
Reading title:
remark goes here
Checking Unit.
Building topology.
Building atom parameters.
Building bond parameters.
Building angle parameters.
Building proper torsion parameters.
Building improper torsion parameters.
 total 6 improper torsions applied
Building H-Bond parameters.
Incorporating Non-Bonded adjustments.
Not Marking per-residue atom chain types.
Marking per-residue atom chain types.
  (Residues lacking connect0/connect1 - 
   these don't have chain types marked:

	res	total affected

	LIG	1
  )
 (no restraints)
Writing pdb file: lig.leap.pdb
	Quit
