            --------------------------------------------------------
                             AMBER SQM VERSION 14
 
                                     By
              Ross C. Walker, Michael F. Crowley, Scott Brozell,
                         Tim Giese, Andreas W. Goetz,
                        Tai-Sung Lee and David A. Case
 
            --------------------------------------------------------
 

--------------------------------------------------------------------------------
  QM CALCULATION INFO
--------------------------------------------------------------------------------

| QMMM: Citation for AMBER QMMM Run:
| QMMM: R.C. Walker, M.F. Crowley and D.A. Case, J. COMP. CHEM. 29:1019, 2008

QMMM: SINGLET STATE CALCULATION
QMMM: RHF CALCULATION, NO. OF DOUBLY OCCUPIED LEVELS = 10

| QMMM: *** Selected Hamiltonian *** 
| QMMM: AM1         

| QMMM: *** Parameter sets in use ***
| QMMM: O : M.J.S.DEWAR et al. JACS, 107, 3902, (1985)
| QMMM: C : M.J.S.DEWAR et al. JACS, 107, 3902, (1985)
| QMMM: H : M.J.S.DEWAR et al. JACS, 107, 3902, (1985)
QMMM: MOLECULAR MECHANICS CORRECTION APPLIED TO PEPTIDE LINKAGES
QMMM:     0 PEPTIDE LINKAGES HAVE BEEN FOUND:

| QMMM: *** SCF convergence criteria ***
| QMMM: Energy change                :  0.1D-06 kcal/mol
| QMMM: Error matrix |FP-PF|         :  0.1D+00 au
| QMMM: Density matrix change        :  0.1D-06
| QMMM: Maximum number of SCF cycles :     1000

| QMMM: *** Diagonalization Routine Information ***
| QMMM: Pseudo diagonalizations are allowed.
| QMMM: Auto diagonalization routine selection is in use.
| QMMM:
| QMMM: Timing diagonalization routines:
| QMMM:                              norbs =       18
| QMMM:    diag iterations used for timing =       20
| QMMM:
| QMMM:              Internal diag routine = 0.000555 seconds
| QMMM:                 Dspev diag routine = 0.001750 seconds
| QMMM:                Dspevd diag routine = 0.001685 seconds
| QMMM:                Dspevx diag routine = 0.002855 seconds
| QMMM:                 Dsyev diag routine = 0.001753 seconds
| QMMM:                Dsyevd diag routine = 0.001822 seconds
| QMMM:                Dsyevr diag routine = 0.000955 seconds
| QMMM:
| QMMM:                Pseudo diag routine = 0.000105 seconds
| QMMM:
| QMMM: Using internal diagonalization routine (diag_routine=1).

  QMMM: QM Region Cartesian Coordinates (*=link atom) 
  QMMM: QM_NO.   MM_NO.  ATOM         X         Y         Z
  QMMM:     1        1      O       -1.1710    0.3000    0.0000
  QMMM:     2        2      C       -0.0460   -0.5670    0.0000
  QMMM:     3        3      C        1.2180    0.2670    0.0000
  QMMM:     4        4      H       -0.0960   -1.2120    0.8820
  QMMM:     5        5      H       -0.0950   -1.1940   -0.8950
  QMMM:     6        6      H        2.1050   -0.3720   -0.0180
  QMMM:     7        7      H        1.2430    0.9310   -0.8700
  QMMM:     8        8      H        1.2620    0.9050    0.8890
  QMMM:     9        9      H       -1.1290    0.8360    0.8100

--------------------------------------------------------------------------------
  RESULTS
--------------------------------------------------------------------------------

      iter         sqm energy              rms gradient
      ----    -------------------    -----------------------
xmin    10      -64.2677 kcal/mol        0.3266 kcal/(mol*A)
xmin    20      -64.2749 kcal/mol        0.0827 kcal/(mol*A)
  ... geometry converged !
 
 Final MO eigenvalues (eV):
 -38.2123  -31.3305  -23.6841  -17.9586  -15.9970  -15.4440  -13.6144  -12.9449
 -12.0048  -11.0483    3.6511    3.7660    4.1300    4.1778    4.5936    4.7574
   4.8923    6.3187

 Heat of formation   =        -64.27769344 kcal/mol  (       -2.78728995 eV)

 Total SCF energy    =     -15216.94379331 kcal/mol  (     -659.85619849 eV)
 Electronic energy   =     -41285.06121707 kcal/mol  (    -1790.25459508 eV)
 Core-core repulsion =      26068.11742377 kcal/mol  (     1130.39839659 eV)
 
    Atomic Charges for Step       1 :
  Atom    Element       Mulliken Charge
     1      O                 -0.327
     2      C                 -0.024
     3      C                 -0.254
     4      H                  0.061
     5      H                  0.104
     6      H                  0.084
     7      H                  0.088
     8      H                  0.073
     9      H                  0.195
 Total Mulliken Charge =      -0.000
 
                  X        Y        Z     TOTAL  
  QM DIPOLE     1.388   -0.001    0.954    1.685
 
 Final Structure

  QMMM: QM Region Cartesian Coordinates (*=link atom) 
  QMMM: QM_NO.   MM_NO.  ATOM         X         Y         Z
  QMMM:     1        1      O       -1.2037    0.2647   -0.0046
  QMMM:     2        2      C       -0.0445   -0.5476    0.0130
  QMMM:     3        3      C        1.2265    0.2702    0.0136
  QMMM:     4        4      H       -0.0721   -1.2284    0.9067
  QMMM:     5        5      H       -0.1262   -1.1666   -0.9212
  QMMM:     6        6      H        2.1135   -0.4040   -0.0432
  QMMM:     7        7      H        1.2430    0.9627   -0.8618
  QMMM:     8        8      H        1.3009    0.8810    0.9455
  QMMM:     9        9      H       -1.1463    0.8621    0.7502

           --------- Calculation Completed ----------

