            --------------------------------------------------------
                             AMBER SQM VERSION 14
 
                                     By
              Ross C. Walker, Michael F. Crowley, Scott Brozell,
                         Tim Giese, Andreas W. Goetz,
                        Tai-Sung Lee and David A. Case
 
            --------------------------------------------------------
 

--------------------------------------------------------------------------------
  QM CALCULATION INFO
--------------------------------------------------------------------------------

| QMMM: Citation for AMBER QMMM Run:
| QMMM: R.C. Walker, M.F. Crowley and D.A. Case, J. COMP. CHEM. 29:1019, 2008

QMMM: SINGLET STATE CALCULATION
QMMM: RHF CALCULATION, NO. OF DOUBLY OCCUPIED LEVELS =  7

| QMMM: *** Selected Hamiltonian *** 
| QMMM: AM1         

| QMMM: *** Parameter sets in use ***
| QMMM: Br: M.J.S.DEWAR et al. THEOCHEM, 180, 1, (1988)
| QMMM: C : M.J.S.DEWAR et al. JACS, 107, 3902, (1985)
| QMMM: H : M.J.S.DEWAR et al. JACS, 107, 3902, (1985)
QMMM: MOLECULAR MECHANICS CORRECTION APPLIED TO PEPTIDE LINKAGES
QMMM:     0 PEPTIDE LINKAGES HAVE BEEN FOUND:

| QMMM: *** SCF convergence criteria ***
| QMMM: Energy change                :  0.1D-06 kcal/mol
| QMMM: Error matrix |FP-PF|         :  0.1D+00 au
| QMMM: Density matrix change        :  0.1D-06
| QMMM: Maximum number of SCF cycles :     1000

| QMMM: *** Diagonalization Routine Information ***
| QMMM: Pseudo diagonalizations are allowed.
| QMMM: Auto diagonalization routine selection is in use.
| QMMM:
| QMMM: Timing diagonalization routines:
| QMMM:                              norbs =       11
| QMMM:    diag iterations used for timing =       20
| QMMM:
| QMMM:              Internal diag routine = 0.000227 seconds
| QMMM:                 Dspev diag routine = 0.000710 seconds
| QMMM:                Dspevd diag routine = 0.000625 seconds
| QMMM:                Dspevx diag routine = 0.000970 seconds
| QMMM:                 Dsyev diag routine = 0.000634 seconds
| QMMM:                Dsyevd diag routine = 0.000636 seconds
| QMMM:                Dsyevr diag routine = 0.000360 seconds
| QMMM:
| QMMM:                Pseudo diag routine = 0.000031 seconds
| QMMM:
| QMMM: Using internal diagonalization routine (diag_routine=1).

  QMMM: QM Region Cartesian Coordinates (*=link atom) 
  QMMM: QM_NO.   MM_NO.  ATOM         X         Y         Z
  QMMM:     1        1      Br      -0.9670    0.0000    0.0000
  QMMM:     2        2      C        0.9670    0.0000    0.0000
  QMMM:     3        3      H        1.3060   -1.0340    0.0810
  QMMM:     4        4      H        1.3060    0.4470   -0.9360
  QMMM:     5        5      H        1.3060    0.5870    0.8550

--------------------------------------------------------------------------------
  RESULTS
--------------------------------------------------------------------------------

  ... geometry converged !
 
 Final MO eigenvalues (eV):
 -32.9103  -27.2963  -14.8634  -14.8624  -13.6818  -10.8035  -10.8030    0.9036
   3.7710    3.7717    4.2555

 Heat of formation   =         -6.21351897 kcal/mol  (       -0.26943840 eV)

 Total SCF energy    =     -12059.43952729 kcal/mol  (     -522.93653906 eV)
 Electronic energy   =     -22222.59401697 kcal/mol  (     -963.64398842 eV)
 Core-core repulsion =      10163.15448968 kcal/mol  (      440.70744936 eV)
 
    Atomic Charges for Step       1 :
  Atom    Element       Mulliken Charge
     1      Br                -0.039
     2      C                 -0.285
     3      H                  0.108
     4      H                  0.108
     5      H                  0.108
 Total Mulliken Charge =      -0.000
 
                  X        Y        Z     TOTAL  
  QM DIPOLE     1.476   -0.000   -0.002    1.476
 
 Final Structure

  QMMM: QM Region Cartesian Coordinates (*=link atom) 
  QMMM: QM_NO.   MM_NO.  ATOM         X         Y         Z
  QMMM:     1        1      Br      -0.9547    0.0005    0.0021
  QMMM:     2        2      C        0.9503   -0.0001   -0.0004
  QMMM:     3        3      H        1.3073   -1.0478    0.0811
  QMMM:     4        4      H        1.3073    0.4530   -0.9487
  QMMM:     5        5      H        1.3078    0.5945    0.8659

           --------- Calculation Completed ----------

