            --------------------------------------------------------
                             AMBER SQM VERSION 14
 
                                     By
              Ross C. Walker, Michael F. Crowley, Scott Brozell,
                         Tim Giese, Andreas W. Goetz,
                        Tai-Sung Lee and David A. Case
 
            --------------------------------------------------------
 

--------------------------------------------------------------------------------
  QM CALCULATION INFO
--------------------------------------------------------------------------------

| QMMM: Citation for AMBER QMMM Run:
| QMMM: R.C. Walker, M.F. Crowley and D.A. Case, J. COMP. CHEM. 29:1019, 2008

QMMM: SINGLET STATE CALCULATION
QMMM: RHF CALCULATION, NO. OF DOUBLY OCCUPIED LEVELS =  6

| QMMM: *** Selected Hamiltonian *** 
| QMMM: AM1         

| QMMM: *** Parameter sets in use ***
| QMMM: C : M.J.S.DEWAR et al. JACS, 107, 3902, (1985)
| QMMM: H : M.J.S.DEWAR et al. JACS, 107, 3902, (1985)
QMMM: MOLECULAR MECHANICS CORRECTION APPLIED TO PEPTIDE LINKAGES
QMMM:     0 PEPTIDE LINKAGES HAVE BEEN FOUND:

| QMMM: *** SCF convergence criteria ***
| QMMM: Energy change                :  0.1D-06 kcal/mol
| QMMM: Error matrix |FP-PF|         :  0.1D+00 au
| QMMM: Density matrix change        :  0.1D-06
| QMMM: Maximum number of SCF cycles :     1000

| QMMM: *** Diagonalization Routine Information ***
| QMMM: Pseudo diagonalizations are allowed.
| QMMM: Auto diagonalization routine selection is in use.
| QMMM:
| QMMM: Timing diagonalization routines:
| QMMM:                              norbs =       12
| QMMM:    diag iterations used for timing =       20
| QMMM:
| QMMM:              Internal diag routine = 0.000256 seconds
| QMMM:                 Dspev diag routine = 0.000763 seconds
| QMMM:                Dspevd diag routine = 0.000745 seconds
| QMMM:                Dspevx diag routine = 0.001169 seconds
| QMMM:                 Dsyev diag routine = 0.000755 seconds
| QMMM:                Dsyevd diag routine = 0.000753 seconds
| QMMM:                Dsyevr diag routine = 0.000414 seconds
| QMMM:
| QMMM:                Pseudo diag routine = 0.000041 seconds
| QMMM:
| QMMM: Using internal diagonalization routine (diag_routine=1).

  QMMM: QM Region Cartesian Coordinates (*=link atom) 
  QMMM: QM_NO.   MM_NO.  ATOM         X         Y         Z
  QMMM:     1        1      C       -0.6670    0.0000    0.0000
  QMMM:     2        2      C        0.6670    0.0000    0.0000
  QMMM:     3        3      H       -1.2210   -0.9290    0.0710
  QMMM:     4        4      H       -1.2210    0.9290   -0.0710
  QMMM:     5        5      H        1.2210    0.9290   -0.0710
  QMMM:     6        6      H        1.2210   -0.9290    0.0710

--------------------------------------------------------------------------------
  RESULTS
--------------------------------------------------------------------------------

  ... geometry converged !
 
 Final MO eigenvalues (eV):
 -33.1565  -21.8889  -15.7942  -14.3028  -11.8356  -10.5516    1.4379    4.0104
   4.3965    5.0831    5.5590    5.7918

 Heat of formation   =         16.43668036 kcal/mol  (        0.71274794 eV)

 Total SCF energy    =      -7157.26938270 kcal/mol  (     -310.36249004 eV)
 Electronic energy   =     -17008.16295298 kcal/mol  (     -737.52928984 eV)
 Core-core repulsion =       9850.89357028 kcal/mol  (      427.16679980 eV)
 
    Atomic Charges for Step       1 :
  Atom    Element       Mulliken Charge
     1      C                 -0.218
     2      C                 -0.218
     3      H                  0.109
     4      H                  0.109
     5      H                  0.109
     6      H                  0.109
 Total Mulliken Charge =      -0.000
 
                  X        Y        Z     TOTAL  
  QM DIPOLE     0.000   -0.000    0.000    0.000
 
 Final Structure

  QMMM: QM Region Cartesian Coordinates (*=link atom) 
  QMMM: QM_NO.   MM_NO.  ATOM         X         Y         Z
  QMMM:     1        1      C       -0.6630   -0.0000   -0.0000
  QMMM:     2        2      C        0.6630    0.0000    0.0000
  QMMM:     3        3      H       -1.2566   -0.9213    0.0704
  QMMM:     4        4      H       -1.2566    0.9213   -0.0704
  QMMM:     5        5      H        1.2566    0.9214   -0.0704
  QMMM:     6        6      H        1.2567   -0.9213    0.0704

           --------- Calculation Completed ----------

