            --------------------------------------------------------
                             AMBER SQM VERSION 14
 
                                     By
              Ross C. Walker, Michael F. Crowley, Scott Brozell,
                         Tim Giese, Andreas W. Goetz,
                        Tai-Sung Lee and David A. Case
 
            --------------------------------------------------------
 

--------------------------------------------------------------------------------
  QM CALCULATION INFO
--------------------------------------------------------------------------------

| QMMM: Citation for AMBER QMMM Run:
| QMMM: R.C. Walker, M.F. Crowley and D.A. Case, J. COMP. CHEM. 29:1019, 2008

QMMM: SINGLET STATE CALCULATION
QMMM: RHF CALCULATION, NO. OF DOUBLY OCCUPIED LEVELS =  7

| QMMM: *** Selected Hamiltonian *** 
| QMMM: AM1         

| QMMM: *** Parameter sets in use ***
| QMMM: O : M.J.S.DEWAR et al. JACS, 107, 3902, (1985)
| QMMM: C : M.J.S.DEWAR et al. JACS, 107, 3902, (1985)
| QMMM: H : M.J.S.DEWAR et al. JACS, 107, 3902, (1985)
QMMM: MOLECULAR MECHANICS CORRECTION APPLIED TO PEPTIDE LINKAGES
QMMM:     0 PEPTIDE LINKAGES HAVE BEEN FOUND:

| QMMM: *** SCF convergence criteria ***
| QMMM: Energy change                :  0.1D-06 kcal/mol
| QMMM: Error matrix |FP-PF|         :  0.1D+00 au
| QMMM: Density matrix change        :  0.1D-06
| QMMM: Maximum number of SCF cycles :     1000

| QMMM: *** Diagonalization Routine Information ***
| QMMM: Pseudo diagonalizations are allowed.
| QMMM: Auto diagonalization routine selection is in use.
| QMMM:
| QMMM: Timing diagonalization routines:
| QMMM:                              norbs =       12
| QMMM:    diag iterations used for timing =       20
| QMMM:
| QMMM:              Internal diag routine = 0.000237 seconds
| QMMM:                 Dspev diag routine = 0.000763 seconds
| QMMM:                Dspevd diag routine = 0.000748 seconds
| QMMM:                Dspevx diag routine = 0.001180 seconds
| QMMM:                 Dsyev diag routine = 0.000754 seconds
| QMMM:                Dsyevd diag routine = 0.000753 seconds
| QMMM:                Dsyevr diag routine = 0.000414 seconds
| QMMM:
| QMMM:                Pseudo diag routine = 0.000040 seconds
| QMMM:
| QMMM: Using internal diagonalization routine (diag_routine=1).

  QMMM: QM Region Cartesian Coordinates (*=link atom) 
  QMMM: QM_NO.   MM_NO.  ATOM         X         Y         Z
  QMMM:     1        1      O        0.7080    0.0000    0.0000
  QMMM:     2        2      C       -0.7080    0.0000    0.0000
  QMMM:     3        3      H       -1.0730   -0.7690    0.6850
  QMMM:     4        4      H       -1.0730   -0.1950   -1.0110
  QMMM:     5        5      H       -1.0630    0.9790    0.3310
  QMMM:     6        6      H        0.9940   -0.8800   -0.2980

--------------------------------------------------------------------------------
  RESULTS
--------------------------------------------------------------------------------

  ... geometry converged !
 
 Final MO eigenvalues (eV):
 -37.8416  -26.9821  -18.2797  -15.4483  -15.2891  -12.4949  -11.1351    3.7782
   4.0893    4.2302    4.5222    6.2442

 Heat of formation   =        -57.06585340 kcal/mol  (       -2.47456109 eV)

 Total SCF energy    =     -11622.87892175 kcal/mol  (     -504.00585065 eV)
 Electronic energy   =     -24675.16370004 kcal/mol  (    -1069.99539049 eV)
 Core-core repulsion =      13052.28477830 kcal/mol  (      565.98953984 eV)
 
    Atomic Charges for Step       1 :
  Atom    Element       Mulliken Charge
     1      O                 -0.326
     2      C                 -0.073
     3      H                  0.053
     4      H                  0.053
     5      H                  0.098
     6      H                  0.195
 Total Mulliken Charge =      -0.000
 
                  X        Y        Z     TOTAL  
  QM DIPOLE    -1.044   -1.187   -0.360    1.621
 
 Final Structure

  QMMM: QM Region Cartesian Coordinates (*=link atom) 
  QMMM: QM_NO.   MM_NO.  ATOM         X         Y         Z
  QMMM:     1        1      O        0.7032    0.0106   -0.0095
  QMMM:     2        2      C       -0.7070   -0.0149   -0.0052
  QMMM:     3        3      H       -1.0915   -0.7916    0.7022
  QMMM:     4        4      H       -1.1055   -0.2102   -1.0322
  QMMM:     5        5      H       -1.0167    1.0038    0.3387
  QMMM:     6        6      H        1.0026   -0.8628   -0.2869

           --------- Calculation Completed ----------

